This is pdfTeX, Version 3.1415926-2.5-1.40.14 (TeX Live 2013) (format=latex 2014.4.11)  3 FEB 2015 16:18
entering extended mode
 restricted \write18 enabled.
 %&-line parsing enabled.
**bmc_article.tex
(./bmc_article.tex
LaTeX2e <2011/06/27>
Babel <3.9f> and hyphenation patterns for 21 languages loaded.
(./bmcart.cls
Document Class: bmcart 2014/01/24BioMed Central class (VS)
(/usr/local/texlive/2013basic/texmf-dist/tex/latex/base/article.cls
Document Class: article 2007/10/19 v1.4h Standard LaTeX document class
(/usr/local/texlive/2013basic/texmf-dist/tex/latex/base/size10.clo
File: size10.clo 2007/10/19 v1.4h Standard LaTeX file (size option)
)
\c@part=\count79
\c@section=\count80
\c@subsection=\count81
\c@subsubsection=\count82
\c@paragraph=\count83
\c@subparagraph=\count84
\c@figure=\count85
\c@table=\count86
\abovecaptionskip=\skip41
\belowcaptionskip=\skip42
\bibindent=\dimen102
)
\mathindent=\dimen103

(/usr/local/texlive/2013basic/texmf-dist/tex/latex/graphics/keyval.sty
Package: keyval 1999/03/16 v1.13 key=value parser (DPC)
\KV@toks@=\toks14
)
(/usr/local/texlive/2013basic/texmf-dist/tex/latex/xcolor/xcolor.sty
Package: xcolor 2007/01/21 v2.11 LaTeX color extensions (UK)

(/usr/local/texlive/2013basic/texmf-dist/tex/latex/latexconfig/color.cfg
File: color.cfg 2007/01/18 v1.5 color configuration of teTeX/TeXLive
)
Package xcolor Info: Driver file: dvips.def on input line 225.

(/usr/local/texlive/2013basic/texmf-dist/tex/latex/graphics/dvips.def
File: dvips.def 1999/02/16 v3.0i Driver-dependant file (DPC,SPQR)
)
Package xcolor Info: Model `cmy' substituted by `cmy0' on input line 1337.
Package xcolor Info: Model `RGB' extended on input line 1353.
Package xcolor Info: Model `HTML' substituted by `rgb' on input line 1355.
Package xcolor Info: Model `Hsb' substituted by `hsb' on input line 1356.
Package xcolor Info: Model `tHsb' substituted by `hsb' on input line 1357.
Package xcolor Info: Model `HSB' substituted by `hsb' on input line 1358.
Package xcolor Info: Model `Gray' substituted by `gray' on input line 1359.
Package xcolor Info: Model `wave' substituted by `hsb' on input line 1360.
)
(/usr/local/texlive/2013basic/texmf-dist/tex/latex/lastpage/lastpage.sty
Package: lastpage 2013/01/28 v1.2l Refers to last page's name (HMM; JPG)
)
\c@thanks=\count87
\bmcfloat@box=\box26
\c@author=\count88
\c@address=\count89
\sv@mathsurround=\dimen104
\fm@box=\box27
\c@addressref=\count90
\thanks@box=\box28
\abstract@box=\box29
\authors@list=\toks15
\keywords@list=\toks16
)
(./bmc_article.aux)
\openout1 = `bmc_article.aux'.

LaTeX Font Info:    Checking defaults for OML/cmm/m/it on input line 84.
LaTeX Font Info:    ... okay on input line 84.
LaTeX Font Info:    Checking defaults for T1/cmr/m/n on input line 84.
LaTeX Font Info:    ... okay on input line 84.
LaTeX Font Info:    Checking defaults for OT1/cmr/m/n on input line 84.
LaTeX Font Info:    ... okay on input line 84.
LaTeX Font Info:    Checking defaults for OMS/cmsy/m/n on input line 84.
LaTeX Font Info:    ... okay on input line 84.
LaTeX Font Info:    Checking defaults for OMX/cmex/m/n on input line 84.
LaTeX Font Info:    ... okay on input line 84.
LaTeX Font Info:    Checking defaults for U/cmr/m/n on input line 84.
LaTeX Font Info:    ... okay on input line 84.
Package lastpage Info: Please have a look at the pageslts package at
(lastpage)             http://www.ctan.org/tex-archive/ 
(lastpage)             macros/latex/contrib/pageslts/ 
(lastpage)             or
(lastpage)             http://www.ctan.org/tex-archive/ 
(lastpage)             install/macros/latex/contrib/pageslts.tds.zip
(lastpage)             ! on input line 84.


LaTeX Font Warning: Font shape `OT1/cmss/bx/n' in size <13> not available
(Font)              size <12> substituted on input line 90.


LaTeX Font Warning: Font shape `OT1/cmss/m/n' in size <24> not available
(Font)              size <24.88> substituted on input line 92.

LaTeX Font Info:    Calculating math sizes for size <11> on input line 113.

LaTeX Font Warning: Font shape `OT1/cmr/m/n' in size <5.5> not available
(Font)              size <5> substituted on input line 113.


LaTeX Font Warning: Font shape `OML/cmm/m/it' in size <5.5> not available
(Font)              size <5> substituted on input line 113.


LaTeX Font Warning: Font shape `OMS/cmsy/m/n' in size <5.5> not available
(Font)              size <5> substituted on input line 113.

LaTeX Font Info:    External font `cmex10' loaded for size
(Font)              <11> on input line 113.
LaTeX Font Info:    External font `cmex10' loaded for size
(Font)              <7.69997> on input line 113.
LaTeX Font Info:    External font `cmex10' loaded for size
(Font)              <5.5> on input line 113.
\address@aff1=\toks17
\address@aff2=\toks18
LaTeX Font Info:    External font `cmex10' loaded for size
(Font)              <7> on input line 155.
LaTeX Font Info:    External font `cmex10' loaded for size
(Font)              <5> on input line 155.

LaTeX Warning: Citation `koon' on page 1 undefined on input line 259.


LaTeX Warning: Citation `khar' on page 1 undefined on input line 259.


LaTeX Warning: Citation `zvai' on page 1 undefined on input line 259.


LaTeX Warning: Citation `xjon' on page 1 undefined on input line 259.


LaTeX Warning: Citation `marg' on page 1 undefined on input line 259.


LaTeX Warning: Citation `koon' on page 1 undefined on input line 264.


LaTeX Warning: Citation `khar' on page 1 undefined on input line 264.


LaTeX Warning: Citation `zvai' on page 1 undefined on input line 264.


LaTeX Warning: Citation `xjon' on page 1 undefined on input line 264.


LaTeX Warning: Citation `marg' on page 1 undefined on input line 264.

LaTeX Font Info:    Try loading font information for OMS+cmr on input line 275.

(/usr/local/texlive/2013basic/texmf-dist/tex/latex/base/omscmr.fd
File: omscmr.fd 1999/05/25 v2.5h Standard LaTeX font definitions
)
LaTeX Font Info:    Font shape `OMS/cmr/m/n' in size <10> not available
(Font)              Font shape `OMS/cmsy/m/n' tried instead on input line 275.


LaTeX Font Warning: Font shape `OT1/cmss/m/it' in size <8> not available
(Font)              Font shape `OT1/cmss/m/sl' tried instead on input line 281.



Overfull \hbox (1.0pt too wide) has occurred while \output is active
 [] 
 []

[1

]
LaTeX Font Info:    External font `cmex10' loaded for size
(Font)              <8> on input line 322.
LaTeX Font Info:    External font `cmex10' loaded for size
(Font)              <6> on input line 322.
 (./bmc_article.bbl

LaTeX Warning: Empty `thebibliography' environment on input line 45.

) 
AED: lastpage setting LastPage
[2] (./bmc_article.aux)

LaTeX Font Warning: Size substitutions with differences
(Font)              up to 1.0pt have occurred.


LaTeX Warning: There were undefined references.

 ) 
Here is how much of TeX's memory you used:
 1479 strings out of 494537
 18160 string characters out of 6167472
 75278 words of memory out of 5000000
 4774 multiletter control sequences out of 15000+600000
 10337 words of font info for 36 fonts, out of 8000000 for 9000
 319 hyphenation exceptions out of 8191
 30i,9n,37p,1525b,288s stack positions out of 5000i,500n,10000p,200000b,80000s

Output written on bmc_article.dvi (2 pages, 7640 bytes).
